<?xml version="1.0" encoding="UTF-8"?>
<!-- Generated by org.testng.reporters.JUnitReportReporter -->
<testsuite skipped="1" hostname="DESKTOP-03P7KFF" name="tests.SignOutTest" tests="3" failures="0" timestamp="11 Dec 2019 05:02:01 GMT" time="0.002" errors="0">
  <testcase name="test10" time="0.000" classname="tests.SignOutTest">
    <skipped/>
  </testcase> <!-- test10 -->
  <testcase name="test30" time="0.001" classname="tests.SignOutTest"/>
  <testcase name="test20" time="0.001" classname="tests.SignOutTest"/>
</testsuite> <!-- tests.SignOutTest -->
