<?xml version="1.0" encoding="UTF-8"?>
<!-- Generated by org.testng.reporters.JUnitReportReporter -->
<testsuite skipped="0" hostname="DESKTOP-03P7KFF" name="tests.SignOutTest" tests="3" failures="0" timestamp="14 Dec 2019 15:57:28 GMT" time="0.017" errors="0">
  <testcase name="test20" time="0.001" classname="tests.SignOutTest"/>
  <testcase name="test30" time="0.001" classname="tests.SignOutTest"/>
  <testcase name="test10" time="0.015" classname="tests.SignOutTest"/>
</testsuite> <!-- tests.SignOutTest -->
